<?xml version="1.0" encoding="UTF-8"?>
<!-- Generated by org.testng.reporters.JUnitXMLReporter -->
<testsuite ignored="0" hostname="Balaji" failures="0" tests="4" name="Dev Test" time="18.485" errors="0" timestamp="2022-11-11T16:11:49 IST">
  <testcase classname="com.johndeere.test.AddPetTest" name="addValidPetFromJsonTest" time="7.338"/>
  <testcase classname="com.johndeere.test.AddPetTest" name="addValidPetTest" time="1.212"/>
  <testcase classname="com.johndeere.test.AddPetTest" name="deletePetByIdTest" time="1.34"/>
  <testcase classname="com.johndeere.test.AddPetTest" name="updateValidPetFromJsonTest" time="1.236"/>
</testsuite> <!-- Dev Test -->
