<?xml version="1.0" encoding="UTF-8"?>
<!-- Generated by org.testng.reporters.JUnitXMLReporter -->
<testsuite ignored="0" hostname="Balaji" failures="0" tests="4" name="QA Test" time="8.369" errors="0" timestamp="2022-11-11T16:11:58 IST">
  <testcase classname="com.johndeere.test.AddPetTest" name="addValidPetFromJsonTest" time="3.104"/>
  <testcase classname="com.johndeere.test.AddPetTest" name="addValidPetTest" time="1.223"/>
  <testcase classname="com.johndeere.test.AddPetTest" name="deletePetByIdTest" time="1.214"/>
  <testcase classname="com.johndeere.test.AddPetTest" name="updateValidPetFromJsonTest" time="1.244"/>
</testsuite> <!-- QA Test -->
