<?xml version="1.0" encoding="UTF-8"?>
<testng-results ignored="0" total="1" passed="1" failed="0" skipped="0">
  <reporter-output>
  </reporter-output>
  <suite started-at="2022-11-11T14:58:35 IST" name="Default suite" finished-at="2022-11-11T15:02:20 IST" duration-ms="224301">
    <groups>
      <group name="cucumber">
        <method signature="AbstractTestNGCucumberTests.runScenario(io.cucumber.testng.PickleWrapper,io.cucumber.testng.FeatureWrapper)[pri:0, instance:com.johndeere.runner.RunnerTest@15043a2f]" name="runScenario" class="io.cucumber.testng.AbstractTestNGCucumberTests"/>
      </group> <!-- cucumber -->
    </groups>
    <test started-at="2022-11-11T14:58:35 IST" name="Default test" finished-at="2022-11-11T15:02:20 IST" duration-ms="224301">
      <class name="com.johndeere.runner.RunnerTest">
        <test-method is-config="true" signature="setUpClass(org.testng.ITestContext)[pri:0, instance:com.johndeere.runner.RunnerTest@15043a2f]" started-at="2022-11-11T14:58:35 IST" name="setUpClass" finished-at="2022-11-11T14:58:37 IST" duration-ms="1598" status="PASS">
          <params>
            <param index="0">
              <value>
                <![CDATA[org.testng.TestRunner@2e62ead7]]>
              </value>
            </param>
          </params>
          <reporter-output>
          </reporter-output>
        </test-method> <!-- setUpClass -->
        <test-method signature="runScenario(io.cucumber.testng.PickleWrapper,io.cucumber.testng.FeatureWrapper)[pri:0, instance:com.johndeere.runner.RunnerTest@15043a2f]" started-at="2022-11-11T14:58:37 IST" name="runScenario" description="Runs Cucumber Scenarios" data-provider="scenarios" finished-at="2022-11-11T15:02:19 IST" duration-ms="222172" status="PASS">
          <params>
            <param index="0">
              <value>
                <![CDATA["Verify Add Valid Employee"]]>
              </value>
            </param>
            <param index="1">
              <value>
                <![CDATA["Employee"]]>
              </value>
            </param>
          </params>
          <reporter-output>
          </reporter-output>
        </test-method> <!-- runScenario -->
        <test-method is-config="true" signature="tearDownClass()[pri:0, instance:com.johndeere.runner.RunnerTest@15043a2f]" started-at="2022-11-11T15:02:19 IST" name="tearDownClass" finished-at="2022-11-11T15:02:20 IST" duration-ms="250" status="PASS">
          <reporter-output>
          </reporter-output>
        </test-method> <!-- tearDownClass -->
      </class> <!-- com.johndeere.runner.RunnerTest -->
    </test> <!-- Default test -->
  </suite> <!-- Default suite -->
</testng-results>
